<?xml version="1.0" encoding="UTF-8"?>
<!-- Generated by org.testng.reporters.JUnitReportReporter -->
<testsuite hostname="DESKTOP-O9AD53S" failures="0" tests="1" name="TestNG.GetText" time="0.071" errors="0" timestamp="2022-08-03T06:32:48 IST" skipped="0">
  <testcase classname="TestNG.GetText" name="Get_Text" time="0.071"/>
  <system-out/>
</testsuite> <!-- TestNG.GetText -->
