<?xml version="1.0" encoding="UTF-8"?>
<!-- Generated by org.testng.reporters.JUnitReportReporter -->
<testsuite hostname="DESKTOP-O9AD53S" failures="0" tests="1" name="registration.Amezon" time="4.982" errors="0" timestamp="2022-08-14T05:28:42 IST" skipped="0">
  <testcase classname="registration.Amezon" name="amezonLogin" time="4.982"/>
  <system-out/>
</testsuite> <!-- registration.Amezon -->
