<?xml version="1.0" encoding="UTF-8"?>
<!-- Generated by org.testng.reporters.JUnitReportReporter -->
<testsuite hostname="DESKTOP-O9AD53S" failures="0" tests="1" name="testNG.GetText_Method" time="4.107" errors="0" timestamp="2022-08-04T12:42:53 IST" skipped="0">
  <testcase classname="testNG.GetText_Method" name="getTest_Method" time="4.107"/>
  <system-out/>
</testsuite> <!-- testNG.GetText_Method -->
