<?xml version="1.0" encoding="UTF-8"?>
<!-- Generated by org.testng.reporters.JUnitReportReporter -->
<testsuite hostname="DESKTOP-O9AD53S" failures="0" tests="5" name="TestNG.DataProvider_Demo3" time="99.388" errors="0" timestamp="2022-08-02T17:41:01 IST" skipped="0">
  <testcase classname="TestNG.DataProvider_Demo3" name="longin" time="15.544"/>
  <system-out/>
  <testcase classname="TestNG.DataProvider_Demo3" name="longin" time="15.378"/>
  <system-out/>
  <testcase classname="TestNG.DataProvider_Demo3" name="longin" time="37.903"/>
  <system-out/>
  <testcase classname="TestNG.DataProvider_Demo3" name="longin" time="15.325"/>
  <system-out/>
  <testcase classname="TestNG.DataProvider_Demo3" name="longin" time="15.238"/>
  <system-out/>
</testsuite> <!-- TestNG.DataProvider_Demo3 -->
