<?xml version="1.0" encoding="UTF-8"?>
<!-- Generated by org.testng.reporters.JUnitReportReporter -->
<testsuite hostname="DESKTOP-O9AD53S" failures="0" tests="9" name="TestNG.TestNG_Enabled_True_Fasle" time="5.876" errors="0" timestamp="2022-07-29T05:48:24 IST" skipped="8">
  <testcase classname="TestNG.TestNG_Enabled_True_Fasle" name="selenuimdev" time="5.876"/>
  <system-out/>
  <testcase classname="TestNG.TestNG_Enabled_True_Fasle" name="google">
    <skipped/>
  </testcase> <!-- google -->
  <system-out/>
  <testcase classname="TestNG.TestNG_Enabled_True_Fasle" name="sony">
    <skipped/>
  </testcase> <!-- sony -->
  <system-out/>
  <testcase classname="TestNG.TestNG_Enabled_True_Fasle" name="fb">
    <skipped/>
  </testcase> <!-- fb -->
  <system-out/>
  <testcase classname="TestNG.TestNG_Enabled_True_Fasle" name="lg">
    <skipped/>
  </testcase> <!-- lg -->
  <system-out/>
  <testcase classname="TestNG.TestNG_Enabled_True_Fasle" name="usha">
    <skipped/>
  </testcase> <!-- usha -->
  <system-out/>
  <testcase classname="TestNG.TestNG_Enabled_True_Fasle" name="samsung">
    <skipped/>
  </testcase> <!-- samsung -->
  <system-out/>
  <testcase classname="TestNG.TestNG_Enabled_True_Fasle" name="bosch">
    <skipped/>
  </testcase> <!-- bosch -->
  <system-out/>
  <testcase classname="TestNG.TestNG_Enabled_True_Fasle" name="gm">
    <skipped/>
  </testcase> <!-- gm -->
  <system-out/>
</testsuite> <!-- TestNG.TestNG_Enabled_True_Fasle -->
