<?xml version="1.0" encoding="UTF-8"?>
<!-- Generated by org.testng.reporters.JUnitReportReporter -->
<testsuite hostname="DESKTOP-O9AD53S" failures="0" tests="1" name="actions.DoubleClickClick" time="112.881" errors="0" timestamp="2022-08-04T21:15:03 IST" skipped="0">
  <testcase classname="actions.DoubleClickClick" name="doubleclick" time="112.881"/>
  <system-out/>
</testsuite> <!-- actions.DoubleClickClick -->
