<?xml version="1.0" encoding="UTF-8"?>
<!-- Generated by org.testng.reporters.JUnitReportReporter -->
<testsuite hostname="DESKTOP-O9AD53S" failures="0" tests="1" name="TestNG.TestNGGetText" time="0.023" errors="0" timestamp="2022-08-02T12:48:28 IST" skipped="0">
  <testcase classname="TestNG.TestNGGetText" name="f" time="0.023"/>
  <system-out/>
</testsuite> <!-- TestNG.TestNGGetText -->
