<?xml version="1.0" encoding="UTF-8"?>
<!-- Generated by org.testng.reporters.JUnitReportReporter -->
<testsuite hostname="DESKTOP-O9AD53S" failures="0" tests="4" name="TestNG.DataProvder_Demo2" time="68.266" errors="0" timestamp="2022-08-02T17:19:53 IST" skipped="0">
  <testcase classname="TestNG.DataProvder_Demo2" name="login" time="14.984"/>
  <system-out/>
  <testcase classname="TestNG.DataProvder_Demo2" name="login" time="21.637"/>
  <system-out/>
  <testcase classname="TestNG.DataProvder_Demo2" name="login" time="14.733"/>
  <system-out/>
  <testcase classname="TestNG.DataProvder_Demo2" name="login" time="16.912"/>
  <system-out/>
</testsuite> <!-- TestNG.DataProvder_Demo2 -->
