<?xml version="1.0" encoding="UTF-8"?>
<!-- Generated by org.testng.reporters.JUnitReportReporter -->
<testsuite hostname="DESKTOP-O9AD53S" failures="0" tests="1" name="actions.MouseHover" time="70.469" errors="0" timestamp="2022-08-04T21:50:00 IST" skipped="0">
  <testcase classname="actions.MouseHover" name="mouseHover" time="70.469"/>
  <system-out/>
</testsuite> <!-- actions.MouseHover -->
