<?xml version="1.0" encoding="UTF-8"?>
<!-- Generated by org.testng.reporters.JUnitReportReporter -->
<testsuite hostname="DESKTOP-O9AD53S" failures="0" tests="1" name="array_List.DemoArrayList" time="0.019" errors="0" timestamp="2022-08-15T11:15:26 IST" skipped="0">
  <testcase classname="array_List.DemoArrayList" name="arrayList" time="0.019"/>
  <system-out/>
</testsuite> <!-- array_List.DemoArrayList -->
