<?xml version="1.0" encoding="UTF-8"?>
<!-- Generated by org.testng.reporters.JUnitReportReporter -->
<testsuite hostname="DESKTOP-O9AD53S" failures="0" tests="2" name="TestNG.CrossbrowserDemo2" time="25.812" errors="0" timestamp="2022-08-02T16:13:31 IST" skipped="0">
  <testcase classname="TestNG.CrossbrowserDemo2" name="run" time="11.510"/>
  <system-out/>
  <testcase classname="TestNG.CrossbrowserDemo2" name="run" time="14.302"/>
  <system-out/>
</testsuite> <!-- TestNG.CrossbrowserDemo2 -->
