<?xml version="1.0" encoding="UTF-8"?>
<!-- Generated by org.testng.reporters.JUnitReportReporter -->
<testsuite hostname="DESKTOP-O9AD53S" failures="0" tests="2" name="assertions.AssertDemo" time="59.884" errors="0" timestamp="2022-08-15T11:02:21 IST" skipped="1">
  <testcase classname="assertions.AssertDemo" name="verfyCurrentURL" time="59.884"/>
  <system-out/>
  <testcase classname="assertions.AssertDemo" name="assertions">
    <skipped/>
  </testcase> <!-- assertions -->
  <system-out/>
</testsuite> <!-- assertions.AssertDemo -->
