<?xml version="1.0" encoding="UTF-8"?>
<!-- Generated by org.testng.reporters.JUnitReportReporter -->
<testsuite hostname="DESKTOP-O9AD53S" failures="0" tests="1" name="actions.DragAndDrop" time="54.751" errors="0" timestamp="2022-08-04T12:53:35 IST" skipped="0">
  <testcase classname="actions.DragAndDrop" name="DragAndDrap" time="54.751"/>
  <system-out/>
</testsuite> <!-- actions.DragAndDrop -->
