<?xml version="1.0" encoding="UTF-8"?>
<!-- Generated by org.testng.reporters.JUnitReportReporter -->
<testsuite hostname="DESKTOP-O9AD53S" failures="0" tests="1" name="TestNG.TestNG_Priority" time="4.329" errors="0" timestamp="2022-07-29T12:54:35 IST" skipped="0">
  <testcase classname="TestNG.TestNG_Priority" name="lg" time="4.329"/>
  <system-out/>
</testsuite> <!-- TestNG.TestNG_Priority -->
