<?xml version="1.0" encoding="UTF-8"?>
<!-- Generated by org.testng.reporters.JUnitReportReporter -->
<testsuite hostname="DESKTOP-O9AD53S" failures="0" tests="1" name="actions.RightClick" time="14.236" errors="0" timestamp="2022-08-04T12:43:51 IST" skipped="0">
  <testcase classname="actions.RightClick" name="RightClick" time="14.236"/>
  <system-out/>
</testsuite> <!-- actions.RightClick -->
