<?xml version="1.0" encoding="UTF-8"?>
<!-- Generated by org.testng.reporters.JUnitReportReporter -->
<testsuite hostname="DESKTOP-O9AD53S" failures="0" tests="3" name="TestNG.TestNG_Description" time="11.078" errors="0" timestamp="2022-07-28T13:46:45 IST" skipped="2">
  <testcase classname="TestNG.TestNG_Description" name="seleniumlearn" time="11.078"/>
  <system-out/>
  <testcase classname="TestNG.TestNG_Description" name="facebook">
    <skipped/>
  </testcase> <!-- facebook -->
  <system-out/>
  <testcase classname="TestNG.TestNG_Description" name="twitter">
    <skipped/>
  </testcase> <!-- twitter -->
  <system-out/>
</testsuite> <!-- TestNG.TestNG_Description -->
